py : Creating test database for alias 
'default' ('file:memorydb_default?mode
=memory&cache=shared')...
Au caractère Ligne:1 : 1
+ py manage.py test properties -v 2 > 
properties_test_output.txt 2>&1
+ ~~~~~~~~~~~~~~~~~~~~~~~~~~~~~~~~~~~~
~~~~~~~~~~~~~~~~~~~~~~~~~~~~~~~
    + CategoryInfo          : NotSpec 
   ified: (Creating test d...che=sha  
  red')...:String) [], RemoteExcept   
 ion
    + FullyQualifiedErrorId : NativeC 
   ommandError
 

Found 5 test(s).
Operations to perform:
  Synchronize unmigrated apps: corsheaders, django_filters, jazzmin, messages, rest_framework, rest_framework_simplejwt, staticfiles
  Apply all migrations: accounts, admin, auth, contenttypes, locations, properties, sessions
Synchronizing apps without migrations:
  Creating tables...
    Running deferred SQL...
Running migrations:
  Applying contenttypes.0001_initial... OK
  Applying contenttypes.0002_remove_content_type_name... OK
  Applying auth.0001_initial... OK
  Applying auth.0002_alter_permission_name_max_length... OK
  Applying auth.0003_alter_user_email_max_length... OK
  Applying auth.0004_alter_user_username_opts... OK
  Applying auth.0005_alter_user_last_login_null... OK
  Applying auth.0006_require_contenttypes_0002... OK
  Applying auth.0007_alter_validators_add_error_messages... OK
  Applying auth.0008_alter_user_username_max_length... OK
  Applying auth.0009_alter_user_last_name_max_length... OK
  Applying auth.0010_alter_group_name_max_length... OK
  Applying auth.0011_update_proxy_permissions... OK
  Applying auth.0012_alter_user_first_name_max_length... OK
  Applying accounts.0001_initial... OK
  Applying accounts.0002_user_contract_document... OK
  Applying accounts.0003_user_avatar... OK
  Applying admin.0001_initial... OK
  Applying admin.0002_logentry_remove_auto_add... OK
  Applying admin.0003_logentry_add_action_flag_choices... OK
  Applying locations.0001_initial... OK
  Applying properties.0001_initial... OK
  Applying properties.0002_alter_property_property_type_managementmandate... OK
test_create_property_success (properti
es.tests.PropertyModelTests.test_creat
e_property_success)
Test de la crÚation rÚussie d'une 
propriÚtÚ avec les champs 
obligatoires. ... ok
test_create_property_with_agent (prope
rties.tests.PropertyModelTests.test_cr
eate_property_with_agent)
Test de la crÚation avec un agent 
assignÚ. ... ok
test_missing_owner (properties.tests.P
ropertyModelTests.test_missing_owner)
Une propriÚtÚ doit avoir un 
propriÚtaire. ... ok
test_missing_secteur (properties.tests
.PropertyModelTests.test_missing_secte
ur)
Une propriÚtÚ doit avoir un secteur. 
... ok
test_property_validation (properties.t
ests.PropertyModelTests.test_property_
validation)
Les contraintes de base doivent Ûtre 
respectÚes (Django valide au save() 
pour certains champs, mais 
full_clean() pour d'autres). ... ERROR

======================================
================================
ERROR: test_property_validation (prope
rties.tests.PropertyModelTests.test_pr
operty_validation)
Les contraintes de base doivent Ûtre 
respectÚes (Django valide au save() 
pour certains champs, mais 
full_clean() pour d'autres).
--------------------------------------
--------------------------------
Traceback (most recent call last):
  File "C:\Users\codeshester0011\Deskt
op\NLoger\logema\properties\tests.py",
 line 59, in test_property_validation
    prop.full_clean() # Should not 
raise
    ^^^^^^^^^^^^^^^^^
  File "C:\Users\codeshester0011\AppDa
ta\Local\Programs\Python\Python312\Lib
\site-packages\django\db\models\base.p
y", line 1679, in full_clean
    raise ValidationError(errors)
django.core.exceptions.ValidationError
: {'agent': ['This field cannot be 
blank.']}

--------------------------------------
--------------------------------
Ran 5 tests in 9.479s

FAILED (errors=1)
Destroying test database for alias 
'default' ('file:memorydb_default?mode
=memory&cache=shared')...

  Applying sessions.0001_initial... OK
System check identified no issues (0 silenced).
